<!DOCTYPE HTML PUBLIC "-//W3C//DTD HTML 4.01 Transitional//EN" "http://www.w3.org/TR/html4/loose.dtd">
<html>
<head>
<title>Log4J Log Messages</title>
<style type="text/css">
<!--
body, table {font-family: arial,sans-serif; font-size: x-small;}
th {background: #336699; color: #FFFFFF; text-align: left;}
-->
</style>
</head>
<body bgcolor="#FFFFFF" topmargin="6" leftmargin="6">
<hr size="1" noshade>
Log session start time Mon Apr 29 14:55:50 IST 2024<br>
<br>
<table cellspacing="0" cellpadding="4" border="1" bordercolor="#224466" width="100%">
<tr>
<th>Time</th>
<th>Thread</th>
<th>Level</th>
<th>Category</th>
<th>Message</th>
</tr>

<tr>
<td>12469</td>
<td title="main thread">main</td>
<td title="Level">INFO</td>
<td title="com.example.AppTest category">com.example.AppTest</td>
<td title="Message">Tests Executed!!!</td>
</tr>

<tr>
<td>14167</td>
<td title="main thread">main</td>
<td title="Level">INFO</td>
<td title="com.example.AppTest category">com.example.AppTest</td>
<td title="Message">URL is being opened!!!</td>
</tr>

<tr>
<td>15693</td>
<td title="main thread">main</td>
<td title="Level">INFO</td>
<td title="com.example.AppTest category">com.example.AppTest</td>
<td title="Message">Successfully opened!</td>
</tr>
</table>
<br>
</body></html><!DOCTYPE HTML PUBLIC "-//W3C//DTD HTML 4.01 Transitional//EN" "http://www.w3.org/TR/html4/loose.dtd">
<html>
<head>
<title>Log4J Log Messages</title>
<style type="text/css">
<!--
body, table {font-family: arial,sans-serif; font-size: x-small;}
th {background: #336699; color: #FFFFFF; text-align: left;}
-->
</style>
</head>
<body bgcolor="#FFFFFF" topmargin="6" leftmargin="6">
<hr size="1" noshade>
Log session start time Mon Apr 29 14:55:54 IST 2024<br>
<br>
<table cellspacing="0" cellpadding="4" border="1" bordercolor="#224466" width="100%">
<tr>
<th>Time</th>
<th>Thread</th>
<th>Level</th>
<th>Category</th>
<th>Message</th>
</tr>

<tr>
<td>15740</td>
<td title="main thread">main</td>
<td title="Level">INFO</td>
<td title="com.example.AppTest category">com.example.AppTest</td>
<td title="Message">Tests Executed!!!</td>
</tr>

<tr>
<td>16873</td>
<td title="main thread">main</td>
<td title="Level">INFO</td>
<td title="com.example.AppTest category">com.example.AppTest</td>
<td title="Message">URL is being opened!!!</td>
</tr>

<tr>
<td>18611</td>
<td title="main thread">main</td>
<td title="Level">INFO</td>
<td title="com.example.AppTest category">com.example.AppTest</td>
<td title="Message">Successfully opened!</td>
</tr>
</table>
<br>
</body></html><!DOCTYPE HTML PUBLIC "-//W3C//DTD HTML 4.01 Transitional//EN" "http://www.w3.org/TR/html4/loose.dtd">
<html>
<head>
<title>Log4J Log Messages</title>
<style type="text/css">
<!--
body, table {font-family: arial,sans-serif; font-size: x-small;}
th {background: #336699; color: #FFFFFF; text-align: left;}
-->
</style>
</head>
<body bgcolor="#FFFFFF" topmargin="6" leftmargin="6">
<hr size="1" noshade>
Log session start time Mon Apr 29 14:55:57 IST 2024<br>
<br>
<table cellspacing="0" cellpadding="4" border="1" bordercolor="#224466" width="100%">
<tr>
<th>Time</th>
<th>Thread</th>
<th>Level</th>
<th>Category</th>
<th>Message</th>
</tr>

<tr>
<td>18659</td>
<td title="main thread">main</td>
<td title="Level">INFO</td>
<td title="com.example.AppTest category">com.example.AppTest</td>
<td title="Message">Tests Executed!!!</td>
</tr>
<!DOCTYPE HTML PUBLIC "-//W3C//DTD HTML 4.01 Transitional//EN" "http://www.w3.org/TR/html4/loose.dtd">
<html>
<head>
<title>Log4J Log Messages</title>
<style type="text/css">
<!--
body, table {font-family: arial,sans-serif; font-size: x-small;}
th {background: #336699; color: #FFFFFF; text-align: left;}
-->
</style>
</head>
<body bgcolor="#FFFFFF" topmargin="6" leftmargin="6">
<hr size="1" noshade>
Log session start time Mon Apr 29 14:56:47 IST 2024<br>
<br>
<table cellspacing="0" cellpadding="4" border="1" bordercolor="#224466" width="100%">
<tr>
<th>Time</th>
<th>Thread</th>
<th>Level</th>
<th>Category</th>
<th>Message</th>
</tr>

<tr>
<td>18342</td>
<td title="main thread">main</td>
<td title="Level">INFO</td>
<td title="com.example.AppTest category">com.example.AppTest</td>
<td title="Message">Tests Executed!!!</td>
</tr>

<tr>
<td>20058</td>
<td title="main thread">main</td>
<td title="Level">INFO</td>
<td title="com.example.AppTest category">com.example.AppTest</td>
<td title="Message">URL is being opened!!!</td>
</tr>

<tr>
<td>31076</td>
<td title="main thread">main</td>
<td title="Level">INFO</td>
<td title="com.example.AppTest category">com.example.AppTest</td>
<td title="Message">Successfully opened!</td>
</tr>
</table>
<br>
</body></html><!DOCTYPE HTML PUBLIC "-//W3C//DTD HTML 4.01 Transitional//EN" "http://www.w3.org/TR/html4/loose.dtd">
<html>
<head>
<title>Log4J Log Messages</title>
<style type="text/css">
<!--
body, table {font-family: arial,sans-serif; font-size: x-small;}
th {background: #336699; color: #FFFFFF; text-align: left;}
-->
</style>
</head>
<body bgcolor="#FFFFFF" topmargin="6" leftmargin="6">
<hr size="1" noshade>
Log session start time Mon Apr 29 14:57:01 IST 2024<br>
<br>
<table cellspacing="0" cellpadding="4" border="1" bordercolor="#224466" width="100%">
<tr>
<th>Time</th>
<th>Thread</th>
<th>Level</th>
<th>Category</th>
<th>Message</th>
</tr>

<tr>
<td>67978</td>
<td title="main thread">main</td>
<td title="Level">INFO</td>
<td title="com.example.AppTest category">com.example.AppTest</td>
<td title="Message">Tests Executed!!!</td>
</tr>

<tr>
<td>69371</td>
<td title="main thread">main</td>
<td title="Level">INFO</td>
<td title="com.example.AppTest category">com.example.AppTest</td>
<td title="Message">URL is being opened!!!</td>
</tr>

<tr>
<td>82243</td>
<td title="main thread">main</td>
<td title="Level">INFO</td>
<td title="com.example.AppTest category">com.example.AppTest</td>
<td title="Message">Successfully opened!</td>
</tr>
</table>
<br>
</body></html><!DOCTYPE HTML PUBLIC "-//W3C//DTD HTML 4.01 Transitional//EN" "http://www.w3.org/TR/html4/loose.dtd">
<html>
<head>
<title>Log4J Log Messages</title>
<style type="text/css">
<!--
body, table {font-family: arial,sans-serif; font-size: x-small;}
th {background: #336699; color: #FFFFFF; text-align: left;}
-->
</style>
</head>
<body bgcolor="#FFFFFF" topmargin="6" leftmargin="6">
<hr size="1" noshade>
Log session start time Mon Apr 29 14:57:52 IST 2024<br>
<br>
<table cellspacing="0" cellpadding="4" border="1" bordercolor="#224466" width="100%">
<tr>
<th>Time</th>
<th>Thread</th>
<th>Level</th>
<th>Category</th>
<th>Message</th>
</tr>

<tr>
<td>85455</td>
<td title="main thread">main</td>
<td title="Level">INFO</td>
<td title="com.example.AppTest category">com.example.AppTest</td>
<td title="Message">Tests Executed!!!</td>
</tr>
<!DOCTYPE HTML PUBLIC "-//W3C//DTD HTML 4.01 Transitional//EN" "http://www.w3.org/TR/html4/loose.dtd">
<html>
<head>
<title>Log4J Log Messages</title>
<style type="text/css">
<!--
body, table {font-family: arial,sans-serif; font-size: x-small;}
th {background: #336699; color: #FFFFFF; text-align: left;}
-->
</style>
</head>
<body bgcolor="#FFFFFF" topmargin="6" leftmargin="6">
<hr size="1" noshade>
Log session start time Mon Apr 29 15:06:34 IST 2024<br>
<br>
<table cellspacing="0" cellpadding="4" border="1" bordercolor="#224466" width="100%">
<tr>
<th>Time</th>
<th>Thread</th>
<th>Level</th>
<th>Category</th>
<th>Message</th>
</tr>

<tr>
<td>12377</td>
<td title="main thread">main</td>
<td title="Level">INFO</td>
<td title="com.example.AppTest category">com.example.AppTest</td>
<td title="Message">Tests Executed!!!</td>
</tr>

<tr>
<td>13975</td>
<td title="main thread">main</td>
<td title="Level">INFO</td>
<td title="com.example.AppTest category">com.example.AppTest</td>
<td title="Message">URL is being opened!!!</td>
</tr>

<tr>
<td>25577</td>
<td title="main thread">main</td>
<td title="Level">INFO</td>
<td title="com.example.AppTest category">com.example.AppTest</td>
<td title="Message">Successfully opened!</td>
</tr>
</table>
<br>
</body></html><!DOCTYPE HTML PUBLIC "-//W3C//DTD HTML 4.01 Transitional//EN" "http://www.w3.org/TR/html4/loose.dtd">
<html>
<head>
<title>Log4J Log Messages</title>
<style type="text/css">
<!--
body, table {font-family: arial,sans-serif; font-size: x-small;}
th {background: #336699; color: #FFFFFF; text-align: left;}
-->
</style>
</head>
<body bgcolor="#FFFFFF" topmargin="6" leftmargin="6">
<hr size="1" noshade>
Log session start time Mon Apr 29 15:06:48 IST 2024<br>
<br>
<table cellspacing="0" cellpadding="4" border="1" bordercolor="#224466" width="100%">
<tr>
<th>Time</th>
<th>Thread</th>
<th>Level</th>
<th>Category</th>
<th>Message</th>
</tr>

<tr>
<td>33317</td>
<td title="main thread">main</td>
<td title="Level">INFO</td>
<td title="com.example.AppTest category">com.example.AppTest</td>
<td title="Message">Tests Executed!!!</td>
</tr>

<tr>
<td>34371</td>
<td title="main thread">main</td>
<td title="Level">INFO</td>
<td title="com.example.AppTest category">com.example.AppTest</td>
<td title="Message">URL is being opened!!!</td>
</tr>

<tr>
<td>50165</td>
<td title="main thread">main</td>
<td title="Level">INFO</td>
<td title="com.example.AppTest category">com.example.AppTest</td>
<td title="Message">Successfully opened!</td>
</tr>
</table>
<br>
</body></html><!DOCTYPE HTML PUBLIC "-//W3C//DTD HTML 4.01 Transitional//EN" "http://www.w3.org/TR/html4/loose.dtd">
<html>
<head>
<title>Log4J Log Messages</title>
<style type="text/css">
<!--
body, table {font-family: arial,sans-serif; font-size: x-small;}
th {background: #336699; color: #FFFFFF; text-align: left;}
-->
</style>
</head>
<body bgcolor="#FFFFFF" topmargin="6" leftmargin="6">
<hr size="1" noshade>
Log session start time Mon Apr 29 15:07:13 IST 2024<br>
<br>
<table cellspacing="0" cellpadding="4" border="1" bordercolor="#224466" width="100%">
<tr>
<th>Time</th>
<th>Thread</th>
<th>Level</th>
<th>Category</th>
<th>Message</th>
</tr>

<tr>
<td>53358</td>
<td title="main thread">main</td>
<td title="Level">INFO</td>
<td title="com.example.AppTest category">com.example.AppTest</td>
<td title="Message">Tests Executed!!!</td>
</tr>
